makeF 5
makeF 4
makeF 3
makeF 2
makeF 1
makeF 0
makeP 100
makeP 100
P 4 round 100
P 4 P 4 P 4 got 2
P 4 P 4 Pick fork 1!
Drop fork 1!
Pick fork 2!
Drop fork 2!
makeP 100
makeP 100
P 3 round 100
P 2 round 100
P 3 P 3 P 3 got 2
P 3 P 3 Pick fork 2!
Drop fork 2!
Pick fork 3!
Drop fork 3!
P 2 P 2 P 2 got 2
P 2 P 2 P 1 round 100
Pick fork 3!
Drop fork 3!
Pick fork 4!
Drop fork 4!
makeP 100
P 1 P 1 P 1 got 2
P 1 P 1 Pick fork 4!
Drop fork 4!
Pick fork 5!
Drop fork 5!
P 0 round 100
P 0 fiP 0 fP 0 got 2
P 0 fP 0 fiPick fork 0!
Drop fork 0!
Pick fork 5!
Drop fork 5!
P 4 round 99
P 4 P 4 P 4 got 2
P 4 P 4 Pick fork 1!
Drop fork 1!
Pick fork 2!
Drop fork 2!
P 3 round 99
P 3 P 3 P 3 got 2
P 3 P 3 Pick fork 2!
Drop fork 2!
Pick fork 3!
Drop fork 3!
P 2 round 99
P 1 round 99
P 2 P 2 P 1 P 1 P 1 got 2
P 1 P 1 Pick fork 0!
Drop fork 0!
Pick fork 5!
Drop fork 5!
P 2 got 2
P 2 P 2 Pick fork 3!
Drop fork 3!
Pick fork 4!
Drop fork 4!
P 0 round 99
P 0 fiP 0 fP 0 got 2
P 0 fP 0 fiPick fork 0!
Drop fork 0!
Pick fork 5!
Drop fork 5!
P 4 round 98
P 4 P 4 P 4 got 2
P 4 P 4 Pick fork 1!
Drop fork 1!
Pick fork 2!
Drop fork 2!
P 3 round 98
P 3 P 3 P 3 got 2
P 3 P 3 Pick fork 2!
Drop fork 2!
Pick fork 3!
Drop fork 3!
P 1 round 98
P 1 P 1 P 1 got 2
P 1 P 1 Pick fork 0!
Drop fork 0!
Pick fork 5!
Drop fork 5!
P 2 round 98
P 2 P 2 P 2 got 2
P 2 P 2 Pick fork 3!
Drop fork 3!
Pick fork 4!
Drop fork 4!
P 0 round 98
P 0 fiP 0 fP 0 got 2
P 0 fP 0 fiPick fork 0!
Drop fork 0!
Pick fork 5!
Drop fork 5!
P 4 round 97
P 4 P 4 P 4 got 2
P 4 P 4 Pick fork 1!
Drop fork 1!
Pick fork 2!
Drop fork 2!
P 3 round 97
P 1 round 97
P 1 P 1 P 1 got 2
P 1 P 1 Pick fork 0!
Drop fork 0!
Pick fork 5!
Drop fork 5!
P 2 round 97
P 3 P 3 P 3 got 2
P 3 P 3 Pick fork 2!
Drop fork 2!
Pick fork 3!
Drop fork 3!
P 2 P 2 P 2 got 2
P 2 P 2 Pick fork 3!
Drop fork 3!
Pick fork 4!
Drop fork 4!
P 0 round 97
P 0 fiP 0 fP 0 got 2
P 0 fP 0 fiPick fork 0!
Drop fork 0!
Pick fork 5!
Drop fork 5!
P 3 round 96
P 3 P 3 P 3 got 2
P 3 P 3 Pick fork 2!
Drop fork 2!
Pick fork 3!
Drop fork 3!
P 2 round 96
P 2 P 2 P 2 got 2
P 2 P 2 Pick fork 3!
Drop fork 3!
Pick fork 4!
Drop fork 4!
P 4 round 96
P 4 P 4 P 4 got 2
P 4 P 4 Pick fork 1!
Drop fork 1!
Pick fork 2!
Drop fork 2!
P 1 round 96
P 1 P 1 P 1 got 2
P 1 P 1 Pick fork 0!
Drop fork 0!
Pick fork 5!
Drop fork 5!
P 0 round 96
P 0 fiP 0 fP 0 got 2
P 0 fP 0 fiPick fork 0!
Drop fork 0!
Pick fork 5!
Drop fork 5!
P 3 round 95
P 2 round 95
P 3 P 3 P 3 got 2
P 3 P 3 Pick fork 2!
Drop fork 2!
Pick fork 3!
Drop fork 3!
P 2 P 2 P 2 got 2
P 2 P 2 Pick fork 3!
Drop fork 3!
Pick fork 4!
Drop fork 4!
P 4 round 95
P 4 P 4 P 4 got 2
P 4 P 4 P 1 round 95
Pick fork 1!
Drop fork 1!
Pick fork 2!
Drop fork 2!
P 1 P 1 P 1 got 2
P 1 P 1 Pick fork 0!
Drop fork 0!
Pick fork 5!
Drop fork 5!
P 0 round 95
P 0 fiP 0 fP 0 got 2
P 0 fP 0 fiPick fork 0!
Drop fork 0!
Pick fork 5!
Drop fork 5!
P 3 round 94
P 3 P 3 P 3 got 2
P 3 P 3 Pick fork 2!
Drop fork 2!
Pick fork 3!
Drop fork 3!
P 2 round 94
P 2 P 2 P 2 got 2
P 2 P 2 Pick fork 3!
Drop fork 3!
Pick fork 4!
Drop fork 4!
P 4 round 94
P 4 P 4 P 4 got 2
P 4 P 4 Pick fork 1!
Drop fork 1!
Pick fork 2!
Drop fork 2!
P 1 round 94
P 1 P 1 P 1 got 2
P 1 P 1 Pick fork 0!
Drop fork 0!
Pick fork 5!
Drop fork 5!
P 0 round 94
P 0 fiP 0 fP 0 got 2
P 0 fP 0 fiPick fork 0!
Drop fork 0!
Pick fork 5!
Drop fork 5!
P 3 round 93
P 3 P 3 P 3 got 2
P 3 P 3 P 2 round 93
Pick fork 2!
Drop fork 2!
Pick fork 3!
Drop fork 3!
P 2 P 2 P 2 got 2
P 2 P 2 Pick fork 3!
Drop fork 3!
Pick fork 4!
Drop fork 4!
P 4 round 93
P 4 P 4 P 4 got 2
P 4 P 4 Pick fork 1!
Drop fork 1!
Pick fork 2!
Drop fork 2!
P 1 round 93
P 1 P 1 P 1 got 2
P 1 P 1 Pick fork 0!
Drop fork 0!
Pick fork 5!
Drop fork 5!
P 0 round 93
P 0 fiP 0 fP 0 got 2
P 2 round 92
P 2 P 2 P 2 got 2
P 2 P 2 Pick fork 3!
Drop fork 3!
Pick fork 4!
Drop fork 4!
P 3 round 92
P 3 P 3 P 3 got 2
P 3 P 3 Pick fork 2!
Drop fork 2!
Pick fork 3!
Drop fork 3!
P 0 fP 0 fiPick fork 0!
Drop fork 0!
Pick fork 5!
Drop fork 5!
P 4 round 92
P 4 P 4 P 4 got 2
P 4 P 4 Pick fork 1!
Drop fork 1!
Pick fork 2!
Drop fork 2!
P 1 round 92
P 1 P 1 P 1 got 2
P 1 P 1 Pick fork 0!
Drop fork 0!
Pick fork 5!
Drop fork 5!
P 2 round 91
P 2 P 2 P 2 got 2
P 2 P 2 Pick fork 3!
Drop fork 3!
Pick fork 4!
Drop fork 4!
P 3 round 91
P 3 P 3 P 3 got 2
P 3 P 3 Pick fork 2!
Drop fork 2!
Pick fork 3!
Drop fork 3!
P 0 round 92
P 0 fiP 0 fP 0 got 2
P 0 fP 0 fiPick fork 0!
Drop fork 0!
Pick fork 5!
Drop fork 5!
P 4 round 91
P 4 P 4 P 4 got 2
P 4 P 4 Pick fork 1!
Drop fork 1!
Pick fork 2!
Drop fork 2!
P 1 round 91
P 1 P 1 P 1 got 2
P 1 P 1 Pick fork 0!
Drop fork 0!
Pick fork 5!
Drop fork 5!
P 2 round 90
P 2 P 2 P 2 got 2
P 2 P 2 Pick fork 3!
Drop fork 3!
Pick fork 4!
Drop fork 4!
P 3 round 90
P 3 P 3 P 3 got 2
P 3 P 3 Pick fork 2!
Drop fork 2!
Pick fork 3!
Drop fork 3!
P 0 round 91
P 0 fiP 0 fP 0 got 2
P 0 fP 0 fiPick fork 0!
Drop fork 0!
Pick fork 5!
Drop fork 5!
P 4 round 90
P 4 P 4 P 4 got 2
P 4 P 4 Pick fork 1!
Drop fork 1!
Pick fork 2!
Drop fork 2!
P 1 round 90
P 1 P 1 P 1 got 2
P 1 P 1 Pick fork 0!
Drop fork 0!
Pick fork 5!
Drop fork 5!
P 3 round 89
P 2 round 89
P 3 P 3 P 3 got 2
P 3 P 3 Pick fork 2!
Drop fork 2!
Pick fork 3!
Drop fork 3!
P 2 P 2 P 2 got 2
P 2 P 2 Pick fork 3!
Drop fork 3!
Pick fork 4!
Drop fork 4!
P 0 round 90
P 0 fiP 0 fP 0 got 2
P 4 round 89
P 4 P 4 P 4 got 2
P 4 P 4 Pick fork 1!
Drop fork 1!
Pick fork 2!
Drop fork 2!
P 1 round 89
P 0 fP 0 fiPick fork 0!
Drop fork 0!
Pick fork 5!
Drop fork 5!
P 1 P 1 P 1 got 2
P 1 P 1 Pick fork 0!
Drop fork 0!
Pick fork 5!
Drop fork 5!
P 2 round 88
P 2 P 2 P 2 got 2
P 2 P 2 Pick fork 3!
Drop fork 3!
Pick fork 4!
Drop fork 4!
P 3 round 88
P 3 P 3 P 3 got 2
P 3 P 3 Pick fork 2!
Drop fork 2!
Pick fork 3!
Drop fork 3!
P 4 round 88
P 4 P 4 P 4 got 2
P 4 P 4 Pick fork 1!
Drop fork 1!
Pick fork 2!
Drop fork 2!
P 0 round 89
P 0 fiP 0 fP 0 got 2
P 1 round 88
P 0 fP 0 fiPick fork 0!
Drop fork 0!
Pick fork 5!
Drop fork 5!
P 1 P 1 P 1 got 2
P 1 P 1 Pick fork 0!
Drop fork 0!
Pick fork 5!
Drop fork 5!
P 2 round 87
P 2 P 2 P 2 got 2
P 2 P 2 Pick fork 3!
Drop fork 3!
Pick fork 4!
Drop fork 4!
P 3 round 87
P 3 P 3 P 3 got 2
P 3 P 3 Pick fork 2!
Drop fork 2!
Pick fork 3!
Drop fork 3!
P 4 round 87
P 4 P 4 P 4 got 2
P 4 P 4 Pick fork 1!
Drop fork 1!
Pick fork 2!
P 0 round 88
Drop fork 2!
P 0 fiP 0 fP 0 got 2
P 1 round 87
P 0 fP 0 fiPick fork 0!
Drop fork 0!
Pick fork 5!
Drop fork 5!
P 1 P 1 P 1 got 2
P 1 P 1 Pick fork 0!
Drop fork 0!
Pick fork 5!
Drop fork 5!
P 2 round 86
P 2 P 2 P 2 got 2
P 2 P 2 Pick fork 3!
Drop fork 3!
Pick fork 4!
Drop fork 4!
P 3 round 86
P 3 P 3 P 3 got 2
P 3 P 3 Pick fork 2!
Drop fork 2!
Pick fork 3!
Drop fork 3!
P 4 round 86
P 4 P 4 P 4 got 2
P 4 P 4 Pick fork 1!
Drop fork 1!
Pick fork 2!
Drop fork 2!
P 0 round 87
P 0 fiP 0 fP 0 got 2
P 1 round 86
P 0 fP 0 fiPick fork 0!
Drop fork 0!
Pick fork 5!
Drop fork 5!
P 1 P 1 P 1 got 2
P 1 P 1 Pick fork 0!
Drop fork 0!
Pick fork 5!
Drop fork 5!
P 2 round 85
P 2 P 2 P 2 got 2
P 2 P 2 Pick fork 3!
Drop fork 3!
Pick fork 4!
P 3 round 85
Drop fork 4!
P 3 P 3 P 3 got 2
P 3 P 3 Pick fork 2!
Drop fork 2!
Pick fork 3!
Drop fork 3!
P 4 round 85
P 4 P 4 P 4 got 2
P 4 P 4 Pick fork 1!
Drop fork 1!
Pick fork 2!
Drop fork 2!
P 0 round 86
P 0 fiP 0 fP 0 got 2
P 1 round 85
P 0 fP 0 fiPick fork 0!
Drop fork 0!
Pick fork 5!
Drop fork 5!
P 1 P 1 P 1 got 2
P 1 P 1 Pick fork 0!
Drop fork 0!
Pick fork 5!
Drop fork 5!
P 2 round 84
P 2 P 2 P 2 got 2
P 2 P 2 Pick fork 3!
Drop fork 3!
Pick fork 4!
Drop fork 4!
P 3 round 84
P 3 P 3 P 3 got 2
P 3 P 3 Pick fork 2!
Drop fork 2!
Pick fork 3!
Drop fork 3!
P 4 round 84
P 4 P 4 P 4 got 2
P 4 P 4 Pick fork 1!
Drop fork 1!
Pick fork 2!
Drop fork 2!
P 0 round 85
P 0 fiP 0 fP 0 got 2
P 1 round 84
P 0 fP 0 fiPick fork 0!
Drop fork 0!
Pick fork 5!
Drop fork 5!
P 2 round 83
P 2 P 2 P 2 got 2
P 2 P 2 Pick fork 3!
Drop fork 3!
Pick fork 4!
Drop fork 4!
P 1 P 1 P 1 got 2
P 1 P 1 Pick fork 0!
Drop fork 0!
Pick fork 5!
Drop fork 5!
P 3 round 83
P 3 P 3 P 3 got 2
P 3 P 3 Pick fork 2!
Drop fork 2!
Pick fork 3!
Drop fork 3!
P 4 round 83
P 4 P 4 P 4 got 2
P 4 P 4 Pick fork 1!
Drop fork 1!
Pick fork 2!
Drop fork 2!
P 0 round 84
P 0 fiP 0 fP 0 got 2
P 1 round 83
P 2 round 82
P 2 P 2 P 2 got 2
P 2 P 2 Pick fork 3!
Drop fork 3!
Pick fork 4!
Drop fork 4!
P 3 round 82
P 3 P 3 P 3 got 2
P 3 P 3 Pick fork 2!
Drop fork 2!
Pick fork 3!
Drop fork 3!
P 0 fP 0 fiPick fork 0!
Drop fork 0!
Pick fork 5!
Drop fork 5!
P 1 P 1 P 1 got 2
P 1 P 1 Pick fork 0!
Drop fork 0!
Pick fork 5!
Drop fork 5!
P 4 round 82
P 4 P 4 P 4 got 2
P 4 P 4 Pick fork 1!
Drop fork 1!
Pick fork 2!
Drop fork 2!
P 3 round 81
P 3 P 3 P 3 got 2
P 3 P 3 Pick fork 2!
Drop fork 2!
Pick fork 3!
Drop fork 3!
P 2 round 81
P 2 P 2 P 2 got 2
P 2 P 2 P 0 round 83
Pick fork 3!
Drop fork 3!
Pick fork 4!
P 0 fiP 0 fDrop fork 4!
P 0 got 2
P 1 round 82
P 0 fP 0 fiPick fork 0!
Drop fork 0!
Pick fork 5!
Drop fork 5!
P 1 P 1 P 1 got 2
P 1 P 1 Pick fork 0!
Drop fork 0!
Pick fork 5!
Drop fork 5!
P 4 round 81
P 4 P 4 P 4 got 2
P 4 P 4 Pick fork 1!
Drop fork 1!
Pick fork 2!
Drop fork 2!
P 3 round 80
P 3 P 3 P 3 got 2
P 3 P 3 Pick fork 2!
Drop fork 2!
Pick fork 3!
P 2 round 80
Drop fork 3!
P 2 P 2 P 2 got 2
P 2 P 2 Pick fork 3!
Drop fork 3!
Pick fork 4!
P 0 round 82
Drop fork 4!
P 0 fiP 0 fP 0 got 2
P 1 round 81
P 0 fP 0 fiPick fork 0!
Drop fork 0!
Pick fork 5!
Drop fork 5!
P 1 P 1 P 1 got 2
P 1 P 1 Pick fork 0!
Drop fork 0!
Pick fork 5!
Drop fork 5!
P 4 round 80
P 4 P 4 P 4 got 2
P 4 P 4 Pick fork 1!
Drop fork 1!
Pick fork 2!
Drop fork 2!
P 2 round 79
P 2 P 2 P 2 got 2
P 2 P 2 Pick fork 3!
Drop fork 3!
Pick fork 4!
Drop fork 4!
P 3 round 79
P 3 P 3 P 3 got 2
P 3 P 3 Pick fork 2!
Drop fork 2!
Pick fork 3!
Drop fork 3!
P 0 round 81
P 0 fiP 0 fP 0 got 2
P 1 round 80
P 0 fP 0 fiPick fork 0!
Drop fork 0!
Pick fork 5!
Drop fork 5!
P 1 P 1 P 1 got 2
P 1 P 1 Pick fork 0!
Drop fork 0!
Pick fork 5!
Drop fork 5!
P 4 round 79
P 4 P 4 P 4 got 2
P 4 P 4 Pick fork 1!
Drop fork 1!
Pick fork 2!
Drop fork 2!
P 2 round 78
P 2 P 2 P 2 got 2
P 2 P 2 Pick fork 3!
Drop fork 3!
Pick fork 4!
Drop fork 4!
P 3 round 78
P 3 P 3 P 3 got 2
P 3 P 3 Pick fork 2!
Drop fork 2!
Pick fork 3!
Drop fork 3!
P 0 round 80
P 0 fiP 0 fP 0 got 2
P 1 round 79
P 0 fP 0 fiPick fork 0!
Drop fork 0!
Pick fork 5!
Drop fork 5!
P 1 P 1 P 1 got 2
P 1 P 1 Pick fork 0!
Drop fork 0!
Pick fork 5!
Drop fork 5!
P 4 round 78
P 4 P 4 P 4 got 2
P 4 P 4 Pick fork 1!
Drop fork 1!
Pick fork 2!
Drop fork 2!
P 2 round 77
P 2 P 2 P 3 round 77
P 2 got 2
P 2 P 2 Pick fork 3!
Drop fork 3!
P 0 round 79
Pick fork 4!
Drop fork 4!
P 0 fiP 0 fP 0 got 2
P 1 round 78
P 3 P 3 P 3 got 2
P 3 P 3 Pick fork 2!
Drop fork 2!
Pick fork 3!
Drop fork 3!
P 0 fP 0 fiPick fork 0!
Drop fork 0!
Pick fork 5!
Drop fork 5!
P 1 P 1 P 1 got 2
P 1 P 1 Pick fork 0!
Drop fork 0!
Pick fork 5!
Drop fork 5!
P 4 round 77
P 4 P 4 P 4 got 2
P 4 P 4 Pick fork 1!
Drop fork 1!
Pick fork 2!
Drop fork 2!
P 3 round 76
P 3 P 3 P 3 got 2
P 3 P 3 Pick fork 2!
Drop fork 2!
Pick fork 3!
Drop fork 3!
P 2 round 76
P 2 P 2 P 2 got 2
P 2 P 2 Pick fork 3!
Drop fork 3!
Pick fork 4!
Drop fork 4!
P 0 round 78
P 0 fiP 0 fP 0 got 2
P 1 round 77
P 0 fP 0 fiPick fork 0!
Drop fork 0!
Pick fork 5!
Drop fork 5!
P 1 P 1 P 1 got 2
P 1 P 1 Pick fork 0!
Drop fork 0!
Pick fork 5!
Drop fork 5!
P 4 round 76
P 4 P 4 P 4 got 2
P 4 P 4 Pick fork 1!
Drop fork 1!
Pick fork 2!
Drop fork 2!
P 3 round 75
P 3 P 3 P 3 got 2
P 3 P 3 Pick fork 2!
Drop fork 2!
Pick fork 3!
Drop fork 3!
P 2 round 75
P 2 P 2 P 2 got 2
P 2 P 2 Pick fork 3!
Drop fork 3!
Pick fork 4!
Drop fork 4!
P 0 round 77
P 0 fiP 0 fP 0 got 2
P 1 round 76
P 0 fP 0 fiPick fork 0!
Drop fork 0!
Pick fork 5!
Drop fork 5!
P 1 P 1 P 1 got 2
P 1 P 1 Pick fork 0!
Drop fork 0!
Pick fork 5!
Drop fork 5!
P 4 round 75
P 4 P 4 P 4 got 2
P 4 P 4 Pick fork 1!
Drop fork 1!
Pick fork 2!
Drop fork 2!
P 3 round 74
P 3 P 3 P 3 got 2
P 3 P 3 Pick fork 2!
Drop fork 2!
Pick fork 3!
Drop fork 3!
P 2 round 74
P 2 P 2 P 2 got 2
P 2 P 2 Pick fork 3!
Drop fork 3!
Pick fork 4!
Drop fork 4!
P 0 round 76
P 1 round 75
P 0 fiP 0 fP 0 got 2
P 0 fP 0 fiPick fork 0!
Drop fork 0!
Pick fork 5!
Drop fork 5!
P 1 P 1 P 1 got 2
P 1 P 1 Pick fork 0!
Drop fork 0!
Pick fork 5!
Drop fork 5!
P 4 round 74
P 4 P 4 P 4 got 2
P 4 P 4 Pick fork 1!
Drop fork 1!
Pick fork 2!
Drop fork 2!
P 3 round 73
P 3 P 3 P 3 got 2
P 3 P 3 Pick fork 2!
Drop fork 2!
Pick fork 3!
Drop fork 3!
P 2 round 73
P 2 P 2 P 2 got 2
P 2 P 2 Pick fork 3!
Drop fork 3!
Pick fork 4!
Drop fork 4!
P 0 round 75
P 0 fiP 0 fP 0 got 2
P 1 round 74
P 0 fP 0 fiPick fork 0!
Drop fork 0!
Pick fork 5!
Drop fork 5!
P 1 P 1 P 1 got 2
P 1 P 1 Pick fork 0!
Drop fork 0!
Pick fork 5!
Drop fork 5!
P 4 round 73
P 4 P 4 P 4 got 2
P 4 P 4 Pick fork 1!
Drop fork 1!
Pick fork 2!
Drop fork 2!
P 3 round 72
P 3 P 3 P 3 got 2
P 3 P 3 Pick fork 2!
Drop fork 2!
Pick fork 3!
Drop fork 3!
P 2 round 72
P 2 P 2 P 2 got 2
P 2 P 2 Pick fork 3!
Drop fork 3!
Pick fork 4!
Drop fork 4!
P 0 round 74
P 0 fiP 0 fP 0 got 2
P 1 round 73
P 0 fP 0 fiPick fork 0!
Drop fork 0!
Pick fork 5!
Drop fork 5!
P 1 P 1 P 1 got 2
P 1 P 1 Pick fork 0!
Drop fork 0!
Pick fork 5!
Drop fork 5!
P 4 round 72
P 4 P 4 P 4 got 2
P 4 P 4 Pick fork 1!
Drop fork 1!
Pick fork 2!
Drop fork 2!
P 3 round 71
P 3 P 3 P 3 got 2
P 3 P 3 Pick fork 2!
Drop fork 2!
Pick fork 3!
Drop fork 3!
P 2 round 71
P 2 P 2 P 2 got 2
P 2 P 2 Pick fork 3!
Drop fork 3!
Pick fork 4!
Drop fork 4!
P 0 round 73
P 0 fiP 0 fP 0 got 2
P 1 round 72
P 0 fP 0 fiPick fork 0!
Drop fork 0!
Pick fork 5!
Drop fork 5!
P 1 P 1 P 1 got 2
P 1 P 1 Pick fork 0!
Drop fork 0!
Pick fork 5!
Drop fork 5!
P 4 round 71
P 4 P 4 P 4 got 2
P 4 P 4 Pick fork 1!
Drop fork 1!
Pick fork 2!
Drop fork 2!
P 3 round 70
P 3 P 3 P 3 got 2
P 3 P 3 Pick fork 2!
Drop fork 2!
Pick fork 3!
Drop fork 3!
P 2 round 70
P 2 P 2 P 2 got 2
P 2 P 2 Pick fork 3!
Drop fork 3!
Pick fork 4!
Drop fork 4!
P 0 round 72
P 0 fiP 0 fP 0 got 2
P 1 round 71
P 4 round 70
P 4 P 4 P 4 got 2
P 4 P 4 Pick fork 1!
Drop fork 1!
Pick fork 2!
Drop fork 2!
P 0 fP 0 fiPick fork 0!
Drop fork 0!
Pick fork 5!
Drop fork 5!
P 1 P 1 P 1 got 2
P 1 P 1 Pick fork 0!
Drop fork 0!
Pick fork 5!
Drop fork 5!
P 3 round 69
P 3 P 3 P 3 got 2
P 3 P 3 Pick fork 2!
Drop fork 2!
Pick fork 3!
Drop fork 3!
P 2 round 69
P 2 P 2 P 2 got 2
P 2 P 2 Pick fork 3!
Drop fork 3!
Pick fork 4!
Drop fork 4!
P 4 round 69
P 4 P 4 P 4 got 2
P 4 P 4 Pick fork 1!
Drop fork 1!
Pick fork 2!
Drop fork 2!
P 3 round 68
P 3 P 3 P 3 got 2
P 3 P 3 Pick fork 2!
Drop fork 2!
P 2 round 68
Pick fork 3!
Drop fork 3!
P 2 P 2 P 2 got 2
P 2 P 2 Pick fork 3!
Drop fork 3!
Pick fork 4!
Drop fork 4!
P 0 round 71
P 0 fiP 0 fP 0 got 2
P 1 round 70
P 0 fP 0 fiPick fork 0!
Drop fork 0!
Pick fork 5!
Drop fork 5!
P 1 P 1 P 1 got 2
P 1 P 1 Pick fork 0!
Drop fork 0!
Pick fork 5!
Drop fork 5!
P 4 round 68
P 4 P 4 P 4 got 2
P 4 P 4 Pick fork 1!
Drop fork 1!
Pick fork 2!
Drop fork 2!
P 2 round 67
P 2 P 2 P 2 got 2
P 2 P 2 Pick fork 3!
Drop fork 3!
Pick fork 4!
Drop fork 4!
P 3 round 67
P 3 P 3 P 3 got 2
P 3 P 3 Pick fork 2!
Drop fork 2!
Pick fork 3!
Drop fork 3!
P 0 round 70
P 0 fiP 0 fP 0 got 2
P 1 round 69
P 0 fP 0 fiPick fork 0!
Drop fork 0!
Pick fork 5!
Drop fork 5!
P 1 P 1 P 1 got 2
P 1 P 1 Pick fork 0!
Drop fork 0!
Pick fork 5!
Drop fork 5!
P 4 round 67
P 4 P 4 P 4 got 2
P 4 P 4 Pick fork 1!
Drop fork 1!
Pick fork 2!
Drop fork 2!
P 2 round 66
P 2 P 2 P 2 got 2
P 2 P 2 Pick fork 3!
Drop fork 3!
Pick fork 4!
Drop fork 4!
P 0 round 69
P 0 fiP 0 fP 0 got 2
P 1 round 68
P 3 round 66
P 3 P 3 P 3 got 2
P 3 P 3 Pick fork 2!
Drop fork 2!
Pick fork 3!
Drop fork 3!
P 0 fP 0 fiPick fork 0!
Drop fork 0!
Pick fork 5!
Drop fork 5!
P 1 P 1 P 1 got 2
P 1 P 1 Pick fork 0!
Drop fork 0!
Pick fork 5!
Drop fork 5!
P 4 round 66
P 4 P 4 P 4 got 2
P 4 P 4 Pick fork 1!
Drop fork 1!
Pick fork 2!
Drop fork 2!
P 2 round 65
P 2 P 2 P 2 got 2
P 2 P 2 P 3 round 65
Pick fork 3!
Drop fork 3!
Pick fork 4!
Drop fork 4!
P 0 round 68
P 0 fiP 0 fP 3 P 0 got 2
P 3 P 3 got 2
P 3 P 3 Pick fork 2!
Drop fork 2!
Pick fork 3!
Drop fork 3!
P 1 round 67
P 0 fP 0 fiPick fork 0!
Drop fork 0!
Pick fork 5!
Drop fork 5!
P 1 P 1 P 1 got 2
P 1 P 1 Pick fork 0!
Drop fork 0!
Pick fork 5!
Drop fork 5!
P 4 round 65
P 4 P 4 P 4 got 2
P 4 P 4 Pick fork 1!
Drop fork 1!
Pick fork 2!
Drop fork 2!
P 2 round 64
P 2 P 2 P 2 got 2
P 2 P 2 Pick fork 3!
Drop fork 3!
P 3 round 64
Pick fork 4!
Drop fork 4!
P 3 P 3 P 3 got 2
P 3 P 3 Pick fork 2!
Drop fork 2!
Pick fork 3!
Drop fork 3!
P 0 round 67
P 0 fiP 0 fP 0 got 2
P 1 round 66
P 0 fP 0 fiPick fork 0!
Drop fork 0!
Pick fork 5!
Drop fork 5!
P 1 P 1 P 1 got 2
P 1 P 1 Pick fork 0!
Drop fork 0!
Pick fork 5!
Drop fork 5!
P 4 round 64
P 4 P 4 P 4 got 2
P 4 P 4 Pick fork 1!
Drop fork 1!
Pick fork 2!
Drop fork 2!
P 2 round 63
P 2 P 2 P 2 got 2
P 2 P 2 Pick fork 3!
Drop fork 3!
Pick fork 4!
Drop fork 4!
P 0 round 66
P 0 fiP 0 fP 0 got 2
P 1 round 65
P 3 round 63
P 3 P 3 P 3 got 2
P 3 P 3 Pick fork 2!
Drop fork 2!
Pick fork 3!
Drop fork 3!
P 0 fP 0 fiPick fork 0!
Drop fork 0!
Pick fork 5!
Drop fork 5!
P 1 P 1 P 1 got 2
P 1 P 1 Pick fork 0!
Drop fork 0!
Pick fork 5!
Drop fork 5!
P 4 round 63
P 4 P 4 P 4 got 2
P 4 P 4 Pick fork 1!
Drop fork 1!
Pick fork 2!
Drop fork 2!
P 2 round 62
P 2 P 2 P 2 got 2
P 2 P 2 Pick fork 3!
Drop fork 3!
Pick fork 4!
Drop fork 4!
P 3 round 62
P 3 P 3 P 3 got 2
P 3 P 3 Pick fork 2!
Drop fork 2!
Pick fork 3!
Drop fork 3!
P 0 round 65
P 0 fiP 0 fP 0 got 2
P 1 round 64
P 0 fP 0 fiPick fork 0!
Drop fork 0!
Pick fork 5!
Drop fork 5!
P 1 P 1 P 1 got 2
P 1 P 1 Pick fork 0!
Drop fork 0!
Pick fork 5!
Drop fork 5!
P 4 round 62
P 4 P 4 P 4 got 2
P 4 P 4 Pick fork 1!
Drop fork 1!
Pick fork 2!
Drop fork 2!
P 2 round 61
P 2 P 2 P 2 got 2
P 2 P 2 Pick fork 3!
Drop fork 3!
Pick fork 4!
Drop fork 4!
P 3 round 61
P 3 P 3 P 3 got 2
P 3 P 3 Pick fork 2!
Drop fork 2!
Pick fork 3!
Drop fork 3!
P 0 round 64
P 0 fiP 0 fP 0 got 2
P 1 round 63
P 0 fP 0 fiPick fork 0!
Drop fork 0!
Pick fork 5!
Drop fork 5!
P 1 P 1 P 1 got 2
P 1 P 1 Pick fork 0!
Drop fork 0!
Pick fork 5!
Drop fork 5!
P 4 round 61
P 4 P 4 P 4 got 2
P 4 P 4 Pick fork 1!
Drop fork 1!
Pick fork 2!
Drop fork 2!
P 2 round 60
P 2 P 2 P 2 got 2
P 2 P 2 Pick fork 3!
Drop fork 3!
Pick fork 4!
Drop fork 4!
P 3 round 60
P 3 P 3 P 3 got 2
P 3 P 3 Pick fork 2!
Drop fork 2!
Pick fork 3!
Drop fork 3!
P 0 round 63
P 0 fiP 0 fP 0 got 2
P 1 round 62
P 0 fP 0 fiPick fork 0!
Drop fork 0!
Pick fork 5!
Drop fork 5!
P 1 P 1 P 1 got 2
P 1 P 1 Pick fork 0!
Drop fork 0!
Pick fork 5!
Drop fork 5!
P 4 round 60
P 4 P 4 P 4 got 2
P 4 P 4 Pick fork 1!
Drop fork 1!
Pick fork 2!
Drop fork 2!
P 2 round 59
P 2 P 2 P 2 got 2
P 2 P 2 Pick fork 3!
Drop fork 3!
Pick fork 4!
Drop fork 4!
P 3 round 59
P 3 P 3 P 3 got 2
P 3 P 3 Pick fork 2!
Drop fork 2!
Pick fork 3!
Drop fork 3!
P 0 round 62
P 0 fiP 1 round 61
P 0 fP 0 got 2
P 0 fP 0 fiPick fork 0!
Drop fork 0!
Pick fork 5!
Drop fork 5!
P 1 P 1 P 1 got 2
P 1 P 1 Pick fork 0!
Drop fork 0!
Pick fork 5!
Drop fork 5!
P 4 round 59
P 4 P 4 P 4 got 2
P 4 P 4 Pick fork 1!
Drop fork 1!
Pick fork 2!
Drop fork 2!
P 2 round 58
P 2 P 2 P 2 got 2
P 2 P 2 P 3 round 58
Pick fork 3!
Drop fork 3!
Pick fork 4!
Drop fork 4!
P 3 P 3 P 3 got 2
P 3 P 3 Pick fork 2!
Drop fork 2!
Pick fork 3!
Drop fork 3!
P 0 round 61
P 0 fiP 0 fP 0 got 2
P 1 round 60
P 0 fP 0 fiPick fork 0!
Drop fork 0!
Pick fork 5!
Drop fork 5!
P 1 P 1 P 1 got 2
P 1 P 1 Pick fork 0!
Drop fork 0!
Pick fork 5!
Drop fork 5!
P 4 round 58
P 4 P 4 P 4 got 2
P 4 P 4 Pick fork 1!
Drop fork 1!
Pick fork 2!
Drop fork 2!
P 2 round 57
P 3 round 57
P 2 P 2 P 2 got 2
P 2 P 2 Pick fork 3!
Drop fork 3!
Pick fork 4!
Drop fork 4!
P 3 P 3 P 3 got 2
P 3 P 3 Pick fork 2!
Drop fork 2!
Pick fork 3!
Drop fork 3!
P 0 round 60
P 0 fiP 0 fP 0 got 2
P 1 round 59
P 0 fP 0 fiPick fork 0!
Drop fork 0!
Pick fork 5!
Drop fork 5!
P 1 P 1 P 1 got 2
P 1 P 1 Pick fork 0!
Drop fork 0!
Pick fork 5!
Drop fork 5!
P 4 round 57
P 4 P 4 P 4 got 2
P 4 P 4 Pick fork 1!
Drop fork 1!
Pick fork 2!
Drop fork 2!
P 2 round 56
P 2 P 2 P 2 got 2
P 2 P 2 Pick fork 3!
Drop fork 3!
Pick fork 4!
Drop fork 4!
P 3 round 56
P 3 P 3 P 3 got 2
P 3 P 3 Pick fork 2!
Drop fork 2!
Pick fork 3!
Drop fork 3!
P 0 round 59
P 0 fiP 0 fP 0 got 2
P 1 round 58
P 4 round 56
P 4 P 4 P 4 got 2
P 4 P 4 Pick fork 1!
Drop fork 1!
Pick fork 2!
Drop fork 2!
P 0 fP 0 fiPick fork 0!
Drop fork 0!
Pick fork 5!
Drop fork 5!
P 1 P 1 P 1 got 2
P 1 P 1 Pick fork 0!
Drop fork 0!
Pick fork 5!
Drop fork 5!
P 3 round 55
P 3 P 3 P 3 got 2
P 3 P 3 Pick fork 2!
Drop fork 2!
Pick fork 3!
Drop fork 3!
P 2 round 55
P 2 P 2 P 2 got 2
P 2 P 2 Pick fork 3!
Drop fork 3!
Pick fork 4!
Drop fork 4!
P 4 round 55
P 4 P 4 P 4 got 2
P 4 P 4 Pick fork 1!
Drop fork 1!
Pick fork 2!
Drop fork 2!
P 0 round 58
P 0 fiP 0 fP 0 got 2
P 1 round 57
P 0 fP 0 fiPick fork 0!
Drop fork 0!
Pick fork 5!
Drop fork 5!
P 1 P 1 P 1 got 2
P 1 P 1 Pick fork 0!
Drop fork 0!
Pick fork 5!
Drop fork 5!
P 3 round 54
P 3 P 3 P 3 got 2
P 3 P 3 Pick fork 2!
Drop fork 2!
Pick fork 3!
P 2 round 54
Drop fork 3!
P 2 P 2 P 2 got 2
P 2 P 2 Pick fork 3!
Drop fork 3!
Pick fork 4!
Drop fork 4!
P 4 round 54
P 4 P 4 P 4 got 2
P 4 P 4 P 0 round 57
Pick fork 1!
Drop fork 1!
Pick fork 2!
Drop fork 2!
P 0 fiP 0 fP 0 got 2
P 1 round 56
P 0 fP 0 fiPick fork 0!
Drop fork 0!
Pick fork 5!
Drop fork 5!
P 1 P 1 P 1 got 2
P 1 P 1 Pick fork 0!
Drop fork 0!
Pick fork 5!
Drop fork 5!
P 3 round 53
P 3 P 3 P 3 got 2
P 3 P 3 P 2 round 53
Pick fork 2!
Drop fork 2!
Pick fork 3!
Drop fork 3!
P 2 P 2 P 2 got 2
P 2 P 2 Pick fork 3!
Drop fork 3!
Pick fork 4!
Drop fork 4!
P 4 round 53
P 4 P 4 P 4 got 2
P 4 P 4 Pick fork 1!
Drop fork 1!
Pick fork 2!
Drop fork 2!
P 0 round 56
P 0 fiP 0 fP 0 got 2
P 1 round 55
P 0 fP 0 fiPick fork 0!
Drop fork 0!
Pick fork 5!
Drop fork 5!
P 1 P 1 P 1 got 2
P 1 P 1 Pick fork 0!
Drop fork 0!
Pick fork 5!
Drop fork 5!
P 3 round 52
P 3 P 3 P 3 got 2
P 3 P 3 Pick fork 2!
Drop fork 2!
Pick fork 3!
Drop fork 3!
P 2 round 52
P 2 P 2 P 2 got 2
P 2 P 2 Pick fork 3!
Drop fork 3!
Pick fork 4!
Drop fork 4!
P 4 round 52
P 4 P 4 P 4 got 2
P 4 P 4 Pick fork 1!
Drop fork 1!
Pick fork 2!
Drop fork 2!
P 0 round 55
P 0 fiP 0 fP 0 got 2
P 0 fP 0 fiPick fork 0!
Drop fork 0!
Pick fork 5!
Drop fork 5!
P 1 round 54
P 1 P 1 P 1 got 2
P 1 P 1 Pick fork 0!
Drop fork 0!
Pick fork 5!
Drop fork 5!
P 3 round 51
P 3 P 3 P 3 got 2
P 3 P 3 Pick fork 2!
Drop fork 2!
Pick fork 3!
Drop fork 3!
P 2 round 51
P 2 P 2 P 2 got 2
P 2 P 2 Pick fork 3!
Drop fork 3!
Pick fork 4!
Drop fork 4!
P 4 round 51
P 4 P 4 P 0 round 54
P 4 got 2
P 4 P 4 Pick fork 1!
P 0 fiP 0 fP 0 got 2
Drop fork 1!
Pick fork 2!
Drop fork 2!
P 0 fP 0 fiPick fork 0!
Drop fork 0!
Pick fork 5!
Drop fork 5!
P 1 round 53
P 1 P 1 P 1 got 2
P 1 P 1 Pick fork 0!
Drop fork 0!
Pick fork 5!
Drop fork 5!
P 3 round 50
P 3 P 3 P 3 got 2
P 3 P 3 Pick fork 2!
Drop fork 2!
Pick fork 3!
Drop fork 3!
P 2 round 50
P 2 P 2 P 2 got 2
P 2 P 2 Pick fork 3!
Drop fork 3!
Pick fork 4!
Drop fork 4!
P 4 round 50
P 4 P 4 P 4 got 2
P 4 P 4 Pick fork 1!
Drop fork 1!
Pick fork 2!
Drop fork 2!
P 0 round 53
P 0 fiP 0 fP 0 got 2
P 1 round 52
P 0 fP 0 fiPick fork 0!
Drop fork 0!
Pick fork 5!
Drop fork 5!
P 1 P 1 P 1 got 2
P 1 P 1 Pick fork 0!
Drop fork 0!
Pick fork 5!
Drop fork 5!
P 3 round 49
P 2 round 49
P 3 P 3 P 3 got 2
P 3 P 3 Pick fork 2!
Drop fork 2!
Pick fork 3!
Drop fork 3!
P 2 P 2 P 2 got 2
P 2 P 2 Pick fork 3!
Drop fork 3!
Pick fork 4!
Drop fork 4!
P 4 round 49
P 4 P 4 P 4 got 2
P 4 P 4 Pick fork 1!
Drop fork 1!
Pick fork 2!
Drop fork 2!
P 0 round 52
P 0 fiP 0 fP 0 got 2
P 1 round 51
P 0 fP 0 fiPick fork 0!
Drop fork 0!
Pick fork 5!
Drop fork 5!
P 1 P 1 P 1 got 2
P 1 P 1 Pick fork 0!
Drop fork 0!
Pick fork 5!
Drop fork 5!
P 3 round 48
P 3 P 3 P 3 got 2
P 3 P 3 Pick fork 2!
Drop fork 2!
Pick fork 3!
P 2 round 48
Drop fork 3!
P 2 P 2 P 2 got 2
P 2 P 2 Pick fork 3!
Drop fork 3!
Pick fork 4!
Drop fork 4!
P 4 round 48
P 4 P 4 P 4 got 2
P 4 P 4 Pick fork 1!
Drop fork 1!
Pick fork 2!
Drop fork 2!
P 0 round 51
P 0 fiP 0 fP 0 got 2
P 1 round 50
P 0 fP 0 fiPick fork 0!
Drop fork 0!
Pick fork 5!
Drop fork 5!
P 1 P 1 P 1 got 2
P 1 P 1 Pick fork 0!
Drop fork 0!
Pick fork 5!
Drop fork 5!
P 3 round 47
P 3 P 3 P 3 got 2
P 3 P 3 Pick fork 2!
Drop fork 2!
Pick fork 3!
Drop fork 3!
P 2 round 47
P 2 P 2 P 2 got 2
P 2 P 2 Pick fork 3!
Drop fork 3!
Pick fork 4!
Drop fork 4!
P 4 round 47
P 4 P 4 P 4 got 2
P 4 P 4 Pick fork 1!
Drop fork 1!
Pick fork 2!
Drop fork 2!
P 0 round 50
P 0 fiP 0 fP 0 got 2
P 0 fP 0 fiPick fork 0!
Drop fork 0!
Pick fork 5!
Drop fork 5!
P 3 round 46
P 3 P 3 P 3 got 2
P 3 P 3 Pick fork 2!
Drop fork 2!
Pick fork 3!
Drop fork 3!
P 1 round 49
P 1 P 1 P 1 got 2
P 1 P 1 Pick fork 0!
Drop fork 0!
Pick fork 5!
Drop fork 5!
P 2 round 46
P 2 P 2 P 2 got 2
P 2 P 2 Pick fork 3!
Drop fork 3!
Pick fork 4!
Drop fork 4!
P 4 round 46
P 4 P 4 P 4 got 2
P 4 P 4 Pick fork 1!
Drop fork 1!
Pick fork 2!
Drop fork 2!
P 3 round 45
P 3 P 3 P 3 got 2
P 3 P 3 Pick fork 2!
Drop fork 2!
Pick fork 3!
Drop fork 3!
P 2 round 45
P 2 P 2 P 2 got 2
P 2 P 2 Pick fork 3!
Drop fork 3!
Pick fork 4!
Drop fork 4!
P 0 round 49
P 0 fiP 0 fP 0 got 2
P 1 round 48
P 0 fP 0 fiPick fork 0!
Drop fork 0!
Pick fork 5!
Drop fork 5!
P 1 P 1 P 1 got 2
P 1 P 1 Pick fork 0!
Drop fork 0!
Pick fork 5!
Drop fork 5!
P 4 round 45
P 4 P 4 P 4 got 2
P 4 P 4 Pick fork 1!
Drop fork 1!
Pick fork 2!
Drop fork 2!
P 3 round 44
P 3 P 3 P 3 got 2
P 3 P 3 Pick fork 2!
Drop fork 2!
Pick fork 3!
Drop fork 3!
P 2 round 44
P 2 P 2 P 2 got 2
P 2 P 2 Pick fork 3!
Drop fork 3!
Pick fork 4!
Drop fork 4!
P 0 round 48
P 0 fiP 0 fP 0 got 2
P 1 round 47
P 0 fP 0 fiPick fork 0!
Drop fork 0!
Pick fork 5!
Drop fork 5!
P 1 P 1 P 1 got 2
P 1 P 1 Pick fork 0!
Drop fork 0!
Pick fork 5!
Drop fork 5!
P 4 round 44
P 4 P 4 P 4 got 2
P 4 P 4 Pick fork 1!
Drop fork 1!
Pick fork 2!
Drop fork 2!
P 3 round 43
P 3 P 3 P 3 got 2
P 3 P 3 Pick fork 2!
P 2 round 43
Drop fork 2!
Pick fork 3!
Drop fork 3!
P 2 P 2 P 2 got 2
P 2 P 2 Pick fork 3!
Drop fork 3!
Pick fork 4!
Drop fork 4!
P 0 round 47
P 0 fiP 0 fP 0 got 2
P 1 round 46
P 0 fP 0 fiPick fork 0!
Drop fork 0!
Pick fork 5!
Drop fork 5!
P 1 P 1 P 1 got 2
P 1 P 1 Pick fork 0!
Drop fork 0!
Pick fork 5!
Drop fork 5!
P 4 round 43
P 4 P 4 P 4 got 2
P 4 P 4 Pick fork 1!
Drop fork 1!
Pick fork 2!
Drop fork 2!
P 3 round 42
P 3 P 3 P 3 got 2
P 3 P 3 Pick fork 2!
Drop fork 2!
Pick fork 3!
Drop fork 3!
P 2 round 42
P 2 P 2 P 2 got 2
P 2 P 2 Pick fork 3!
Drop fork 3!
Pick fork 4!
Drop fork 4!
P 0 round 46
P 0 fiP 0 fP 0 got 2
P 1 round 45
P 0 fP 0 fiPick fork 0!
Drop fork 0!
Pick fork 5!
Drop fork 5!
P 1 P 1 P 1 got 2
P 1 P 1 Pick fork 0!
Drop fork 0!
Pick fork 5!
Drop fork 5!
P 4 round 42
P 4 P 4 P 4 got 2
P 4 P 4 Pick fork 1!
Drop fork 1!
Pick fork 2!
Drop fork 2!
P 3 round 41
P 3 P 3 P 3 got 2
P 3 P 3 Pick fork 2!
Drop fork 2!
Pick fork 3!
Drop fork 3!
P 2 round 41
P 2 P 2 P 2 got 2
P 2 P 2 Pick fork 3!
Drop fork 3!
Pick fork 4!
Drop fork 4!
P 0 round 45
P 0 fiP 0 fP 0 got 2
P 1 round 44
P 0 fP 0 fiPick fork 0!
Drop fork 0!
Pick fork 5!
Drop fork 5!
P 1 P 1 P 1 got 2
P 1 P 1 Pick fork 0!
Drop fork 0!
Pick fork 5!
Drop fork 5!
P 4 round 41
P 4 P 4 P 4 got 2
P 4 P 4 Pick fork 1!
Drop fork 1!
Pick fork 2!
Drop fork 2!
P 3 round 40
P 2 round 40
P 3 P 3 P 3 got 2
P 3 P 3 Pick fork 2!
Drop fork 2!
Pick fork 3!
Drop fork 3!
P 2 P 2 P 2 got 2
P 2 P 2 Pick fork 3!
Drop fork 3!
Pick fork 4!
Drop fork 4!
P 1 round 43
P 1 P 1 P 1 got 2
P 1 P 1 Pick fork 0!
Drop fork 0!
Pick fork 5!
Drop fork 5!
P 0 round 44
P 0 fiP 0 fP 0 got 2
P 4 round 40
P 4 P 4 P 4 got 2
P 4 P 4 Pick fork 1!
Drop fork 1!
Pick fork 2!
Drop fork 2!
P 0 fP 0 fiPick fork 0!
Drop fork 0!
Pick fork 5!
Drop fork 5!
P 3 round 39
P 3 P 3 P 3 got 2
P 3 P 3 Pick fork 2!
Drop fork 2!
Pick fork 3!
Drop fork 3!
P 2 round 39
P 2 P 2 P 2 got 2
P 2 P 2 Pick fork 3!
Drop fork 3!
Pick fork 4!
Drop fork 4!
P 1 round 42
P 1 P 1 P 1 got 2
P 1 P 1 Pick fork 0!
Drop fork 0!
Pick fork 5!
Drop fork 5!
P 0 round 43
P 4 round 39
P 0 fiP 0 fP 0 got 2
P 4 P 4 P 4 got 2
P 4 P 4 Pick fork 1!
Drop fork 1!
Pick fork 2!
Drop fork 2!
P 0 fP 0 fiPick fork 0!
Drop fork 0!
Pick fork 5!
Drop fork 5!
P 3 round 38
P 3 P 3 P 3 got 2
P 3 P 3 Pick fork 2!
Drop fork 2!
Pick fork 3!
Drop fork 3!
P 2 round 38
P 2 P 2 P 2 got 2
P 2 P 2 Pick fork 3!
Drop fork 3!
Pick fork 4!
Drop fork 4!
P 1 round 41
P 1 P 1 P 1 got 2
P 1 P 1 Pick fork 0!
Drop fork 0!
Pick fork 5!
Drop fork 5!
P 4 round 38
P 4 P 4 P 4 got 2
P 4 P 4 Pick fork 1!
Drop fork 1!
Pick fork 2!
Drop fork 2!
P 0 round 42
P 0 fiP 0 fP 0 got 2
P 0 fP 0 fiPick fork 0!
Drop fork 0!
Pick fork 5!
Drop fork 5!
P 2 round 37
P 2 P 2 P 2 got 2
P 2 P 3 round 37
P 1 round 40
P 1 P 1 P 1 got 2
P 1 P 1 Pick fork 0!
Drop fork 0!
P 2 Pick fork 3!
Drop fork 3!
Pick fork 5!
Drop fork 5!
Pick fork 4!
Drop fork 4!
P 3 P 3 P 3 got 2
P 3 P 3 Pick fork 2!
Drop fork 2!
Pick fork 3!
Drop fork 3!
P 4 round 37
P 4 P 4 P 4 got 2
P 4 P 4 Pick fork 1!
Drop fork 1!
Pick fork 2!
Drop fork 2!
P 0 round 41
P 0 fiP 0 fP 0 got 2
P 0 fP 0 fiPick fork 0!
Drop fork 0!
Pick fork 5!
Drop fork 5!
P 2 round 36
P 2 P 2 P 2 got 2
P 2 P 2 Pick fork 3!
Drop fork 3!
Pick fork 4!
Drop fork 4!
P 3 round 36
P 3 P 3 P 3 got 2
P 3 P 3 Pick fork 2!
Drop fork 2!
Pick fork 3!
Drop fork 3!
P 1 round 39
P 1 P 1 P 1 got 2
P 1 P 1 Pick fork 0!
Drop fork 0!
Pick fork 5!
Drop fork 5!
P 4 round 36
P 4 P 4 P 4 got 2
P 4 P 4 Pick fork 1!
Drop fork 1!
Pick fork 2!
Drop fork 2!
P 0 round 40
P 0 fiP 0 fP 0 got 2
P 0 fP 0 fiPick fork 0!
Drop fork 0!
Pick fork 5!
Drop fork 5!
P 3 round 35
P 3 P 3 P 3 got 2
P 3 P 3 Pick fork 2!
Drop fork 2!
Pick fork 3!
Drop fork 3!
P 2 round 35
P 2 P 2 P 2 got 2
P 2 P 2 Pick fork 3!
Drop fork 3!
Pick fork 4!
Drop fork 4!
P 1 round 38
P 1 P 1 P 1 got 2
P 1 P 1 Pick fork 0!
Drop fork 0!
Pick fork 5!
Drop fork 5!
P 4 round 35
P 4 P 4 P 4 got 2
P 4 P 4 Pick fork 1!
Drop fork 1!
Pick fork 2!
Drop fork 2!
P 0 round 39
P 0 fiP 0 fP 0 got 2
P 0 fP 0 fiPick fork 0!
Drop fork 0!
Pick fork 5!
Drop fork 5!
P 3 round 34
P 3 P 3 P 3 got 2
P 3 P 3 Pick fork 2!
Drop fork 2!
Pick fork 3!
Drop fork 3!
P 2 round 34
P 2 P 2 P 2 got 2
P 2 P 2 P 1 round 37
Pick fork 3!
Drop fork 3!
Pick fork 4!
Drop fork 4!
P 4 round 34
P 4 P 4 P 4 got 2
P 4 P 4 Pick fork 1!
Drop fork 1!
Pick fork 2!
Drop fork 2!
P 1 P 1 P 1 got 2
P 1 P 1 Pick fork 0!
Drop fork 0!
Pick fork 5!
Drop fork 5!
P 0 round 38
P 0 fiP 0 fP 0 got 2
P 0 fP 0 fiPick fork 0!
Drop fork 0!
Pick fork 5!
Drop fork 5!
P 4 round 33
P 4 P 4 P 4 got 2
P 4 P 4 Pick fork 1!
Drop fork 1!
Pick fork 2!
Drop fork 2!
P 3 round 33
P 3 P 3 P 3 got 2
P 2 round 33
P 3 P 3 Pick fork 2!
Drop fork 2!
Pick fork 3!
Drop fork 3!
P 1 round 36
P 1 P 1 P 1 got 2
P 1 P 1 Pick fork 0!
Drop fork 0!
P 2 Pick fork 5!
P 2 Drop fork 5!
P 2 got 2
P 2 P 2 Pick fork 3!
Drop fork 3!
Pick fork 4!
Drop fork 4!
P 0 round 37
P 0 fiP 0 fP 0 got 2
P 0 fP 0 fiPick fork 0!
Drop fork 0!
Pick fork 5!
Drop fork 5!
P 1 round 35
P 1 P 1 P 1 got 2
P 1 P 1 Pick fork 0!
Drop fork 0!
Pick fork 5!
Drop fork 5!
P 4 round 32
P 4 P 4 P 4 got 2
P 4 P 4 Pick fork 1!
Drop fork 1!
Pick fork 2!
Drop fork 2!
P 3 round 32
P 3 P 3 P 3 got 2
P 3 P 3 Pick fork 2!
Drop fork 2!
Pick fork 3!
Drop fork 3!
P 2 round 32
P 2 P 2 P 2 got 2
P 2 P 2 Pick fork 3!
Drop fork 3!
Pick fork 4!
Drop fork 4!
P 0 round 36
P 0 fiP 0 fP 0 got 2
P 0 fP 0 fiPick fork 0!
Drop fork 0!
Pick fork 5!
Drop fork 5!
P 4 round 31
P 4 P 4 P 4 got 2
P 4 P 4 Pick fork 1!
Drop fork 1!
Pick fork 2!
Drop fork 2!
P 2 round 31
P 2 P 2 P 2 got 2
P 2 P 2 Pick fork 3!
Drop fork 3!
Pick fork 4!
Drop fork 4!
P 1 round 34
P 1 P 1 P 3 round 31
P 1 got 2
P 1 P 1 P 3 Pick fork 0!
P 3 Drop fork 0!
Pick fork 5!
Drop fork 5!
P 3 got 2
P 3 P 3 Pick fork 2!
Drop fork 2!
Pick fork 3!
Drop fork 3!
P 4 round 30
P 4 P 4 P 4 got 2
P 4 P 4 Pick fork 1!
Drop fork 1!
Pick fork 2!
Drop fork 2!
P 0 round 35
P 0 fiP 0 fP 0 got 2
P 2 round 30
P 2 P 2 P 2 got 2
P 2 P 2 Pick fork 3!
Drop fork 3!
Pick fork 4!
Drop fork 4!
P 0 fP 0 fiPick fork 0!
Drop fork 0!
Pick fork 5!
Drop fork 5!
P 1 round 33
P 1 P 1 P 1 got 2
P 1 P 1 Pick fork 0!
Drop fork 0!
Pick fork 5!
Drop fork 5!
P 3 round 30
P 3 P 3 P 3 got 2
P 3 P 3 Pick fork 2!
Drop fork 2!
Pick fork 3!
Drop fork 3!
P 4 round 29
P 4 P 4 P 4 got 2
P 4 P 4 Pick fork 1!
Drop fork 1!
Pick fork 2!
Drop fork 2!
P 2 round 29
P 2 P 2 P 2 got 2
P 2 P 2 Pick fork 3!
Drop fork 3!
P 1 round 32
P 1 P 1 Pick fork 4!
Drop fork 4!
P 1 got 2
P 1 P 1 Pick fork 0!
Drop fork 0!
Pick fork 5!
Drop fork 5!
P 0 round 34
P 0 fiP 0 fP 0 got 2
P 3 round 29
P 3 P 3 P 3 got 2
P 3 P 3 Pick fork 2!
Drop fork 2!
Pick fork 3!
Drop fork 3!
P 0 fP 0 fiPick fork 0!
Drop fork 0!
Pick fork 5!
Drop fork 5!
P 4 round 28
P 4 P 4 P 4 got 2
P 4 P 4 Pick fork 1!
Drop fork 1!
Pick fork 2!
Drop fork 2!
P 2 round 28
P 2 P 2 P 2 got 2
P 2 P 2 Pick fork 3!
Drop fork 3!
Pick fork 4!
Drop fork 4!
P 1 round 31
P 1 P 1 P 3 round 28
P 3 P 3 P 3 got 2
P 3 P 3 Pick fork 2!
Drop fork 2!
Pick fork 3!
Drop fork 3!
P 1 got 2
P 1 P 1 Pick fork 0!
Drop fork 0!
Pick fork 5!
Drop fork 5!
P 0 round 33
P 0 fiP 0 fP 0 got 2
P 0 fP 0 fiPick fork 0!
Drop fork 0!
Pick fork 5!
Drop fork 5!
P 4 round 27
P 4 P 4 P 4 got 2
P 4 P 4 Pick fork 1!
Drop fork 1!
Pick fork 2!
Drop fork 2!
P 1 round 30
P 1 P 1 P 1 got 2
P 1 P 1 Pick fork 0!
Drop fork 0!
Pick fork 5!
Drop fork 5!
P 2 round 27
P 2 P 2 P 2 got 2
P 2 P 2 Pick fork 3!
P 3 round 27
Drop fork 3!
Pick fork 4!
Drop fork 4!
P 3 P 3 P 3 got 2
P 3 P 3 Pick fork 2!
Drop fork 2!
Pick fork 3!
Drop fork 3!
P 0 round 32
P 0 fiP 0 fP 0 got 2
P 0 fP 0 fiPick fork 0!
Drop fork 0!
Pick fork 5!
Drop fork 5!
P 4 round 26
P 4 P 4 P 4 got 2
P 4 P 4 Pick fork 1!
Drop fork 1!
Pick fork 2!
Drop fork 2!
P 1 round 29
P 1 P 1 P 1 got 2
P 1 P 1 Pick fork 0!
Drop fork 0!
Pick fork 5!
Drop fork 5!
P 2 round 26
P 2 P 2 P 2 got 2
P 2 P 2 Pick fork 3!
Drop fork 3!
Pick fork 4!
Drop fork 4!
P 3 round 26
P 3 P 3 P 3 got 2
P 3 P 3 Pick fork 2!
Drop fork 2!
Pick fork 3!
Drop fork 3!
P 0 round 31
P 0 fiP 0 fP 0 got 2
P 0 fP 0 fiPick fork 0!
Drop fork 0!
Pick fork 5!
Drop fork 5!
P 4 round 25
P 4 P 4 P 4 got 2
P 4 P 4 Pick fork 1!
Drop fork 1!
Pick fork 2!
Drop fork 2!
P 1 round 28
P 1 P 1 P 1 got 2
P 1 P 1 Pick fork 0!
Drop fork 0!
Pick fork 5!
Drop fork 5!
P 2 round 25
P 2 P 2 P 2 got 2
P 2 P 2 Pick fork 3!
Drop fork 3!
Pick fork 4!
P 3 round 25
P 3 P 3 P 3 got 2
P 3 P 3 Pick fork 2!
Drop fork 2!
Pick fork 3!
Drop fork 3!
Drop fork 4!
P 0 round 30
P 0 fiP 0 fP 0 got 2
P 0 fP 0 fiPick fork 0!
Drop fork 0!
Pick fork 5!
Drop fork 5!
P 4 round 24
P 4 P 4 P 4 got 2
P 4 P 4 Pick fork 1!
Drop fork 1!
Pick fork 2!
Drop fork 2!
P 1 round 27
P 1 P 1 P 1 got 2
P 1 P 1 Pick fork 0!
Drop fork 0!
Pick fork 5!
Drop fork 5!
P 3 round 24
P 3 P 3 P 2 round 24
P 3 got 2
P 3 P 3 Pick fork 2!
Drop fork 2!
Pick fork 3!
Drop fork 3!
P 2 P 2 P 2 got 2
P 2 P 2 Pick fork 3!
Drop fork 3!
Pick fork 4!
Drop fork 4!
P 0 round 29
P 0 fiP 0 fP 0 got 2
P 0 fP 0 fiPick fork 0!
Drop fork 0!
Pick fork 5!
Drop fork 5!
P 4 round 23
P 4 P 4 P 4 got 2
P 4 P 4 Pick fork 1!
Drop fork 1!
Pick fork 2!
Drop fork 2!
P 1 round 26
P 1 P 1 P 1 got 2
P 1 P 1 Pick fork 0!
Drop fork 0!
Pick fork 5!
Drop fork 5!
P 3 round 23
P 3 P 3 P 2 round 23
P 3 got 2
P 3 P 3 Pick fork 2!
Drop fork 2!
Pick fork 3!
Drop fork 3!
P 2 P 2 P 2 got 2
P 2 P 2 Pick fork 3!
Drop fork 3!
Pick fork 4!
Drop fork 4!
P 0 round 28
P 0 fiP 0 fP 0 got 2
P 0 fP 0 fiPick fork 0!
Drop fork 0!
Pick fork 5!
Drop fork 5!
P 4 round 22
P 4 P 4 P 4 got 2
P 4 P 4 Pick fork 1!
Drop fork 1!
Pick fork 2!
Drop fork 2!
P 1 round 25
P 1 P 1 P 1 got 2
P 1 P 1 Pick fork 0!
Drop fork 0!
Pick fork 5!
Drop fork 5!
P 3 round 22
P 3 P 3 P 3 got 2
P 3 P 3 Pick fork 2!
Drop fork 2!
Pick fork 3!
Drop fork 3!
P 2 round 22
P 2 P 2 P 2 got 2
P 2 P 2 Pick fork 3!
Drop fork 3!
Pick fork 4!
Drop fork 4!
P 0 round 27
P 0 fiP 0 fP 0 got 2
P 4 round 21
P 4 P 4 P 4 got 2
P 4 P 1 round 24
P 4 Pick fork 1!
Drop fork 1!
Pick fork 2!
Drop fork 2!
P 0 fP 0 fiPick fork 0!
Drop fork 0!
Pick fork 5!
Drop fork 5!
P 1 P 1 P 1 got 2
P 1 P 1 Pick fork 0!
Drop fork 0!
Pick fork 5!
Drop fork 5!
P 3 round 21
P 3 P 3 P 3 got 2
P 3 P 3 Pick fork 2!
Drop fork 2!
Pick fork 3!
Drop fork 3!
P 2 round 21
P 2 P 2 P 2 got 2
P 2 P 2 Pick fork 3!
Drop fork 3!
Pick fork 4!
Drop fork 4!
P 4 round 20
P 4 P 4 P 4 got 2
P 4 P 4 Pick fork 1!
Drop fork 1!
Pick fork 2!
Drop fork 2!
P 0 round 26
P 0 fiP 0 fP 0 got 2
P 1 round 23
P 0 fP 0 fiPick fork 0!
Drop fork 0!
Pick fork 5!
Drop fork 5!
P 1 P 1 P 1 got 2
P 1 P 1 Pick fork 0!
Drop fork 0!
Pick fork 5!
Drop fork 5!
P 3 round 20
P 3 P 3 P 3 got 2
P 3 P 3 Pick fork 2!
Drop fork 2!
Pick fork 3!
Drop fork 3!
P 2 round 20
P 2 P 2 P 2 got 2
P 2 P 2 Pick fork 3!
Drop fork 3!
Pick fork 4!
Drop fork 4!
P 4 round 19
P 4 P 4 P 4 got 2
P 4 P 4 Pick fork 1!
Drop fork 1!
Pick fork 2!
Drop fork 2!
P 0 round 25
P 0 fiP 0 fP 0 got 2
P 1 round 22
P 0 fP 0 fiPick fork 0!
Drop fork 0!
Pick fork 5!
Drop fork 5!
P 1 P 1 P 1 got 2
P 1 P 1 Pick fork 0!
Drop fork 0!
Pick fork 5!
Drop fork 5!
P 2 round 19
P 2 P 2 P 2 got 2
P 2 P 2 Pick fork 3!
Drop fork 3!
Pick fork 4!
Drop fork 4!
P 3 round 19
P 3 P 3 P 3 got 2
P 3 P 3 Pick fork 2!
Drop fork 2!
Pick fork 3!
Drop fork 3!
P 4 round 18
P 4 P 4 P 4 got 2
P 4 P 4 Pick fork 1!
Drop fork 1!
Pick fork 2!
Drop fork 2!
P 0 round 24
P 0 fiP 0 fP 0 got 2
P 1 round 21
P 3 round 18
P 3 P 3 P 3 got 2
P 3 P 3 Pick fork 2!
Drop fork 2!
Pick fork 3!
Drop fork 3!
P 2 round 18
P 2 P 2 P 2 got 2
P 2 P 2 Pick fork 3!
Drop fork 3!
Pick fork 4!
Drop fork 4!
P 0 fP 0 fiPick fork 0!
Drop fork 0!
Pick fork 5!
Drop fork 5!
P 1 P 1 P 1 got 2
P 1 P 1 Pick fork 0!
Drop fork 0!
Pick fork 5!
Drop fork 5!
P 4 round 17
P 4 P 4 P 4 got 2
P 4 P 4 Pick fork 1!
Drop fork 1!
Pick fork 2!
Drop fork 2!
P 3 round 17
P 3 P 3 P 3 got 2
P 3 P 3 Pick fork 2!
Drop fork 2!
Pick fork 3!
Drop fork 3!
P 0 round 23
P 0 fiP 0 fP 0 got 2
P 1 round 20
P 2 round 17
P 2 P 2 P 2 got 2
P 2 P 2 Pick fork 3!
Drop fork 3!
Pick fork 4!
Drop fork 4!
P 0 fP 0 fiPick fork 0!
Drop fork 0!
Pick fork 5!
Drop fork 5!
P 1 P 1 P 1 got 2
P 1 P 1 Pick fork 0!
Drop fork 0!
Pick fork 5!
Drop fork 5!
P 4 round 16
P 4 P 4 P 4 got 2
P 4 P 4 Pick fork 1!
Drop fork 1!
Pick fork 2!
Drop fork 2!
P 3 round 16
P 3 P 3 P 3 got 2
P 3 P 3 Pick fork 2!
Drop fork 2!
Pick fork 3!
Drop fork 3!
P 2 round 16
P 2 P 2 P 2 got 2
P 2 P 2 Pick fork 3!
Drop fork 3!
Pick fork 4!
Drop fork 4!
P 0 round 22
P 0 fiP 0 fP 0 got 2
P 1 round 19
P 0 fP 0 fiPick fork 0!
Drop fork 0!
Pick fork 5!
Drop fork 5!
P 1 P 1 P 1 got 2
P 1 P 1 Pick fork 0!
Drop fork 0!
Pick fork 5!
Drop fork 5!
P 4 round 15
P 4 P 4 P 4 got 2
P 4 P 4 Pick fork 1!
Drop fork 1!
Pick fork 2!
Drop fork 2!
P 3 round 15
P 3 P 3 P 3 got 2
P 3 P 3 Pick fork 2!
Drop fork 2!
Pick fork 3!
Drop fork 3!
P 2 round 15
P 2 P 2 P 2 got 2
P 2 P 2 Pick fork 3!
Drop fork 3!
Pick fork 4!
Drop fork 4!
P 0 round 21
P 0 fiP 0 fP 0 got 2
P 1 round 18
P 0 fP 0 fiPick fork 0!
Drop fork 0!
Pick fork 5!
Drop fork 5!
P 1 P 1 P 1 got 2
P 1 P 1 Pick fork 0!
Drop fork 0!
Pick fork 5!
Drop fork 5!
P 4 round 14
P 4 P 4 P 4 got 2
P 4 P 4 Pick fork 1!
Drop fork 1!
Pick fork 2!
Drop fork 2!
P 3 round 14
P 3 P 3 P 3 got 2
P 3 P 3 Pick fork 2!
Drop fork 2!
Pick fork 3!
Drop fork 3!
P 2 round 14
P 2 P 2 P 2 got 2
P 2 P 2 Pick fork 3!
Drop fork 3!
Pick fork 4!
Drop fork 4!
P 0 round 20
P 0 fiP 0 fP 0 got 2
P 1 round 17
P 0 fP 0 fiPick fork 0!
Drop fork 0!
Pick fork 5!
Drop fork 5!
P 1 P 1 P 1 got 2
P 1 P 1 Pick fork 0!
Drop fork 0!
Pick fork 5!
Drop fork 5!
P 4 round 13
P 4 P 4 P 4 got 2
P 4 P 4 Pick fork 1!
Drop fork 1!
Pick fork 2!
Drop fork 2!
P 3 round 13
P 3 P 3 P 3 got 2
P 3 P 3 Pick fork 2!
Drop fork 2!
Pick fork 3!
Drop fork 3!
P 2 round 13
P 2 P 2 P 2 got 2
P 2 P 2 Pick fork 3!
Drop fork 3!
Pick fork 4!
Drop fork 4!
P 0 round 19
P 0 fiP 0 fP 0 got 2
P 1 round 16
P 0 fP 0 fiPick fork 0!
Drop fork 0!
Pick fork 5!
Drop fork 5!
P 1 P 1 P 1 got 2
P 1 P 1 Pick fork 0!
Drop fork 0!
Pick fork 5!
Drop fork 5!
P 4 round 12
P 4 P 4 P 4 got 2
P 4 P 4 Pick fork 1!
Drop fork 1!
Pick fork 2!
Drop fork 2!
P 3 round 12
P 3 P 3 P 3 got 2
P 3 P 3 Pick fork 2!
Drop fork 2!
Pick fork 3!
Drop fork 3!
P 2 round 12
P 2 P 2 P 2 got 2
P 2 P 2 Pick fork 3!
Drop fork 3!
Pick fork 4!
Drop fork 4!
P 0 round 18
P 0 fiP 0 fP 0 got 2
P 1 round 15
P 0 fP 0 fiPick fork 0!
Drop fork 0!
Pick fork 5!
Drop fork 5!
P 1 P 1 P 1 got 2
P 1 P 1 Pick fork 0!
Drop fork 0!
Pick fork 5!
Drop fork 5!
P 4 round 11
P 4 P 4 P 4 got 2
P 4 P 4 Pick fork 1!
Drop fork 1!
Pick fork 2!
Drop fork 2!
P 3 round 11
P 3 P 3 P 3 got 2
P 3 P 3 Pick fork 2!
Drop fork 2!
Pick fork 3!
Drop fork 3!
P 2 round 11
P 2 P 2 P 2 got 2
P 2 P 2 Pick fork 3!
Drop fork 3!
Pick fork 4!
Drop fork 4!
P 0 round 17
P 0 fiP 0 fP 0 got 2
P 1 round 14
P 0 fP 0 fiPick fork 0!
Drop fork 0!
Pick fork 5!
Drop fork 5!
P 1 P 1 P 1 got 2
P 1 P 1 Pick fork 0!
Drop fork 0!
Pick fork 5!
Drop fork 5!
P 4 round 10
P 4 P 4 P 4 got 2
P 4 P 4 Pick fork 1!
Drop fork 1!
Pick fork 2!
Drop fork 2!
P 3 round 10
P 3 P 3 P 3 got 2
P 3 P 3 Pick fork 2!
Drop fork 2!
Pick fork 3!
Drop fork 3!
P 2 round 10
P 2 P 2 P 2 got 2
P 2 P 2 Pick fork 3!
Drop fork 3!
Pick fork 4!
Drop fork 4!
P 0 round 16
P 0 fiP 0 fP 0 got 2
P 1 round 13
P 4 round 9
P 4 P 4 P 4 got 2
P 4 P 4 Pick fork 1!
Drop fork 1!
Pick fork 2!
Drop fork 2!
P 0 fP 0 fiPick fork 0!
Drop fork 0!
Pick fork 5!
Drop fork 5!
P 1 P 1 P 1 got 2
P 1 P 1 Pick fork 0!
Drop fork 0!
Pick fork 5!
Drop fork 5!
P 3 round 9
P 3 P 3 P 3 got 2
P 3 P 3 Pick fork 2!
Drop fork 2!
Pick fork 3!
Drop fork 3!
P 2 round 9
P 2 P 2 P 2 got 2
P 2 P 2 Pick fork 3!
Drop fork 3!
Pick fork 4!
Drop fork 4!
P 0 round 15
P 0 fiP 0 fP 0 got 2
P 1 round 12
P 4 round 8
P 4 P 4 P 4 got 2
P 4 P 4 Pick fork 1!
Drop fork 1!
Pick fork 2!
Drop fork 2!
P 0 fP 0 fiPick fork 0!
Drop fork 0!
Pick fork 5!
Drop fork 5!
P 1 P 1 P 1 got 2
P 1 P 1 Pick fork 0!
Drop fork 0!
Pick fork 5!
Drop fork 5!
P 3 round 8
P 3 P 3 P 3 got 2
P 3 P 3 Pick fork 2!
Drop fork 2!
Pick fork 3!
Drop fork 3!
P 2 round 8
P 2 P 2 P 2 got 2
P 2 P 2 Pick fork 3!
Drop fork 3!
Pick fork 4!
Drop fork 4!
P 4 round 7
P 4 P 4 P 4 got 2
P 4 P 4 Pick fork 1!
Drop fork 1!
Pick fork 2!
Drop fork 2!
P 0 round 14
P 0 fiP 0 fP 0 got 2
P 1 round 11
P 0 fP 0 fiPick fork 0!
Drop fork 0!
Pick fork 5!
Drop fork 5!
P 1 P 1 P 1 got 2
P 1 P 1 Pick fork 0!
Drop fork 0!
Pick fork 5!
Drop fork 5!
P 3 round 7
P 3 P 3 P 3 got 2
P 3 P 3 Pick fork 2!
Drop fork 2!
Pick fork 3!
Drop fork 3!
P 2 round 7
P 2 P 2 P 2 got 2
P 2 P 2 Pick fork 3!
Drop fork 3!
Pick fork 4!
Drop fork 4!
P 4 round 6
P 4 P 4 P 4 got 2
P 4 P 4 Pick fork 1!
Drop fork 1!
Pick fork 2!
Drop fork 2!
P 1 round 10
P 1 P 1 P 1 got 2
P 1 P 1 Pick fork 0!
Drop fork 0!
Pick fork 5!
Drop fork 5!
P 0 round 13
P 0 fiP 0 fP 0 got 2
P 0 fP 0 fiPick fork 0!
Drop fork 0!
Pick fork 5!
Drop fork 5!
P 3 round 6
P 3 P 3 P 3 got 2
P 3 P 3 Pick fork 2!
Drop fork 2!
Pick fork 3!
Drop fork 3!
P 2 round 6
P 2 P 2 P 2 got 2
P 2 P 2 Pick fork 3!
Drop fork 3!
Pick fork 4!
Drop fork 4!
P 4 round 5
P 4 P 4 P 4 got 2
P 4 P 4 Pick fork 1!
Drop fork 1!
Pick fork 2!
Drop fork 2!
P 1 round 9
P 1 P 1 P 1 got 2
P 1 P 1 Pick fork 0!
Drop fork 0!
Pick fork 5!
Drop fork 5!
P 0 round 12
P 0 fiP 0 fP 0 got 2
P 0 fP 0 fiPick fork 0!
Drop fork 0!
Pick fork 5!
Drop fork 5!
P 3 round 5
P 3 P 3 P 3 got 2
P 3 P 3 Pick fork 2!
Drop fork 2!
Pick fork 3!
Drop fork 3!
P 2 round 5
P 2 P 2 P 2 got 2
P 2 P 2 Pick fork 3!
Drop fork 3!
Pick fork 4!
Drop fork 4!
P 4 round 4
P 4 P 4 P 4 got 2
P 4 P 4 Pick fork 1!
Drop fork 1!
Pick fork 2!
Drop fork 2!
P 1 round 8
P 1 P 1 P 1 got 2
P 1 P 1 Pick fork 0!
Drop fork 0!
Pick fork 5!
Drop fork 5!
P 0 round 11
P 0 fiP 0 fP 0 got 2
P 3 round 4
P 3 P 3 P 3 got 2
P 3 P 3 Pick fork 2!
Drop fork 2!
Pick fork 3!
Drop fork 3!
P 2 round 4
P 2 P 2 P 2 got 2
P 2 P 2 Pick fork 3!
Drop fork 3!
Pick fork 4!
Drop fork 4!
P 0 fP 0 fiPick fork 0!
Drop fork 0!
Pick fork 5!
Drop fork 5!
P 4 round 3
P 3 round 3
P 2 round 3
P 3 P 3 P 3 got 2
P 3 P 3 Pick fork 2!
Drop fork 2!
P 1 round 7
Pick fork 3!
Drop fork 3!
P 1 P 1 P 1 got 2
P 1 P 1 P 4 Pick fork 0!
Drop fork 0!
Pick fork 5!
Drop fork 5!
P 4 P 4 got 2
P 4 P 4 Pick fork 1!
Drop fork 1!
Pick fork 2!
Drop fork 2!
P 2 P 2 P 2 got 2
P 2 P 2 Pick fork 3!
Drop fork 3!
Pick fork 4!
Drop fork 4!
P 0 round 10
P 0 fiP 0 fP 0 got 2
P 0 fP 0 fiPick fork 0!
Drop fork 0!
Pick fork 5!
Drop fork 5!
P 3 round 2
P 3 P 3 P 3 got 2
P 3 P 3 Pick fork 2!
Drop fork 2!
Pick fork 3!
Drop fork 3!
P 1 round 6
P 1 P 1 P 1 got 2
P 1 P 1 Pick fork 0!
Drop fork 0!
Pick fork 5!
Drop fork 5!
P 2 round 2
P 2 P 2 P 2 got 2
P 2 P 2 Pick fork 3!
Drop fork 3!
Pick fork 4!
Drop fork 4!
P 4 round 2
P 4 P 4 P 4 got 2
P 4 P 4 Pick fork 1!
Drop fork 1!
Pick fork 2!
Drop fork 2!
P 0 round 9
P 0 fiP 0 fP 0 got 2
P 0 fP 0 fiPick fork 0!
Drop fork 0!
Pick fork 5!
Drop fork 5!
P 3 round 1
P 3 P 3 P 3 got 2
P 3 P 3 Pick fork 2!
Drop fork 2!
Pick fork 3!
Drop fork 3!
P 1 round 5
P 1 P 1 P 1 got 2
P 1 P 1 Pick fork 0!
Drop fork 0!
Pick fork 5!
Drop fork 5!
P 2 round 1
P 2 P 2 P 2 got 2
P 2 P 2 Pick fork 3!
Drop fork 3!
Pick fork 4!
Drop fork 4!
P 4 round 1
P 4 P 4 P 4 got 2
P 4 P 4 Pick fork 1!
Drop fork 1!
Pick fork 2!
Drop fork 2!
P 0 round 8
P 0 fiP 0 fP 0 got 2
P 0 fP 0 fiPick fork 0!
Drop fork 0!
Pick fork 5!
Drop fork 5!
done!P 3
P 1 round 4
P 1 P 1 P 1 got 2
P 1 P 1 Pick fork 0!
Drop fork 0!
Pick fork 5!
Drop fork 5!
done!P 4
done!P 2
P 0 round 7
P 0 fiP 0 fP 0 got 2
P 0 fP 0 fiPick fork 0!
Drop fork 0!
Pick fork 5!
Drop fork 5!
P 1 round 3
P 1 P 1 P 1 got 2
P 1 P 1 Pick fork 0!
Drop fork 0!
Pick fork 5!
Drop fork 5!
P 0 round 6
P 0 fiP 0 fP 0 got 2
P 0 fP 0 fiPick fork 0!
Drop fork 0!
Pick fork 5!
Drop fork 5!
P 1 round 2
P 1 P 1 P 1 got 2
P 1 P 1 Pick fork 0!
Drop fork 0!
Pick fork 5!
Drop fork 5!
P 0 round 5
P 0 fiP 0 fP 0 got 2
P 1 round 1
P 0 fP 0 fiPick fork 0!
Drop fork 0!
Pick fork 5!
Drop fork 5!
P 1 P 1 P 1 got 2
P 1 P 1 Pick fork 0!
Drop fork 0!
Pick fork 5!
Drop fork 5!
P 0 round 4
P 0 fiP 0 fP 0 got 2
done!P 1
P 0 fP 0 fiPick fork 0!
Drop fork 0!
Pick fork 5!
Drop fork 5!
P 0 round 3
P 0 fiP 0 fP 0 got 2
P 0 fP 0 fiPick fork 0!
Drop fork 0!
Pick fork 5!
Drop fork 5!
P 0 round 2
P 0 fiP 0 fP 0 got 2
P 0 fP 0 fiPick fork 0!
Drop fork 0!
Pick fork 5!
Drop fork 5!
P 0 round 1
P 0 fiP 0 fP 0 got 2
P 0 fP 0 fiPick fork 0!
Drop fork 0!
Pick fork 5!
Drop fork 5!
done!P 0
